2026-01-07 10:54:17.456 - INFO: vtahun_laporan: 2026
2026-01-07 10:54:22.415 - INFO: Jumlah data dikembalikan: 35
2026-01-07 10:54:28.332 - INFO: draw=1
2026-01-07 10:54:28.332 - INFO: start=1, length=10
2026-01-07 10:54:28.332 - INFO: sort=NOMOR_KONTRAK_RINCI ASC
2026-01-07 10:54:28.332 - INFO: search=
2026-01-07 10:54:36.901 - INFO: draw=2
2026-01-07 10:54:36.901 - INFO: start=1, length=10
2026-01-07 10:54:36.902 - INFO: sort=NOMOR_KONTRAK_RINCI ASC
2026-01-07 10:54:36.902 - INFO: search=
2026-01-07 10:54:37.204 - INFO: draw=3
2026-01-07 10:54:37.204 - INFO: start=1, length=10
2026-01-07 10:54:37.204 - INFO: sort=NOMOR_KONTRAK_RINCI ASC
2026-01-07 10:54:37.204 - INFO: search=
2026-01-07 10:54:44.178 - INFO: vtahun_laporan: 2026
2026-01-07 10:54:46.337 - INFO: Jumlah data dikembalikan: 35
2026-01-07 10:56:42.101 - INFO: vtahun_laporan: 2026
2026-01-07 10:56:42.330 - INFO: Jumlah data dikembalikan: 35
2026-01-07 10:57:10.442 - INFO: vtahun_laporan: 2026
2026-01-07 10:57:10.651 - INFO: Jumlah data dikembalikan: 35
2026-01-07 12:50:59.929 - INFO: vtahun_laporan: 2026
2026-01-07 12:51:00.272 - INFO: Jumlah data dikembalikan: 35
2026-01-07 12:51:01.300 - INFO: vtahun_laporan: 2026
2026-01-07 12:51:01.796 - INFO: Jumlah data dikembalikan: 35
2026-01-07 12:55:48.157 - INFO: vtahun_laporan: 2026
2026-01-07 12:55:48.348 - INFO: Jumlah data dikembalikan: 35
2026-01-07 13:23:50.773 - SEVERE: ? Gagal ambil nama UNITUPI
2026-01-07 13:23:53.071 - SEVERE: ? Gagal ambil nama UNITUPI
2026-01-07 13:23:57.593 - SEVERE: ? Gagal ambil nama UNITUPI
2026-01-07 13:51:21.743 - INFO: ? Berhasil ambil data Provinsi. Jumlah data: 35
2026-01-07 14:04:56.246 - INFO: ? Berhasil ambil data Provinsi. Jumlah data: 35
2026-01-07 14:30:27.490 - INFO: ? Berhasil ambil data Provinsi. Jumlah data: 35
2026-01-07 14:30:36.872 - INFO: ? Berhasil ambil data Provinsi. Jumlah data: 35
2026-01-07 14:35:52.946 - INFO: ? Berhasil ambil data Provinsi. Jumlah data: 35
2026-01-07 14:35:55.527 - SEVERE: ? Gagal ambil master Provinsi
2026-01-07 14:44:03.460 - INFO: ? Berhasil ambil data Provinsi. Jumlah data: 35
2026-01-07 14:44:29.686 - INFO: ? Berhasil ambil data Provinsi. Jumlah data: 35
2026-01-07 14:45:21.173 - INFO: ? Berhasil ambil data Provinsi. Jumlah data: 35
2026-01-07 14:45:43.374 - INFO: ? Berhasil ambil data Provinsi. Jumlah data: 35
2026-01-07 14:46:07.820 - INFO: ? Berhasil ambil data Provinsi. Jumlah data: 35
2026-01-07 14:46:11.807 - SEVERE: ? Gagal ambil master Provinsi
2026-01-07 14:47:25.581 - INFO: ? Berhasil ambil data Provinsi. Jumlah data: 35
2026-01-07 14:47:27.327 - SEVERE: ? Gagal ambil master Provinsi
2026-01-07 14:49:41.845 - INFO: ? Berhasil ambil data Provinsi. Jumlah data: 35
2026-01-07 14:49:45.583 - SEVERE: ? Gagal ambil master Provinsi
2026-01-07 14:51:29.195 - INFO: ? Berhasil ambil data Provinsi. Jumlah data: 35
2026-01-07 14:51:35.475 - SEVERE: ? Gagal ambil master Provinsi
2026-01-07 14:51:43.521 - SEVERE: ? Gagal ambil master Provinsi
2026-01-07 14:51:47.633 - SEVERE: ? Gagal ambil master Provinsi
2026-01-07 14:54:04.359 - INFO: ? Berhasil ambil data Provinsi. Jumlah data: 35
2026-01-07 14:54:06.102 - SEVERE: ? Gagal ambil master Provinsi
2026-01-07 14:56:03.426 - INFO: ? Berhasil ambil data Provinsi. Jumlah data: 35
2026-01-07 14:57:03.465 - INFO: ? Berhasil ambil data Provinsi. Jumlah data: 35
2026-01-07 14:59:46.375 - INFO: ? Berhasil ambil data Provinsi. Jumlah data: 35
2026-01-07 14:59:47.635 - INFO: ? Berhasil ambil data Provinsi. Jumlah data: 35
2026-01-07 15:00:56.519 - INFO: ? Berhasil ambil data Provinsi. Jumlah data: 35
2026-01-07 15:01:06.842 - SEVERE: ? Gagal ambil master Kabupaten/Kota
2026-01-07 15:05:11.951 - INFO: ? Berhasil ambil data Provinsi. Jumlah data: 35
2026-01-07 15:05:20.541 - SEVERE: ? Gagal ambil master Kabupaten/Kota
2026-01-07 15:11:08.186 - INFO: ? Berhasil ambil data Provinsi. Jumlah data: 35
2026-01-07 15:11:11.621 - INFO: ? Berhasil ambil data Kabupaten/Kota. Jumlah data: 23
2026-01-07 16:10:35.028 - INFO: ? Berhasil ambil data Provinsi. Jumlah data: 35
2026-01-07 16:10:38.022 - INFO: ? Berhasil ambil data Kabupaten/Kota. Jumlah data: 23
2026-01-07 16:10:41.831 - INFO: ? Berhasil ambil data Kabupaten/Kota. Jumlah data: 23
2026-01-07 16:12:12.675 - INFO: ? Berhasil ambil data Provinsi. Jumlah data: 35
2026-01-07 16:12:15.263 - INFO: ? Berhasil ambil data Kabupaten/Kota. Jumlah data: 23
2026-01-07 16:12:18.932 - INFO: ? Berhasil ambil data Kabupaten/Kota. Jumlah data: 18
2026-01-07 16:12:59.801 - INFO: ? Berhasil ambil data Provinsi. Jumlah data: 35
2026-01-07 16:13:02.056 - INFO: ? Berhasil ambil data Kabupaten/Kota. Jumlah data: 23
2026-01-07 16:13:04.543 - INFO: ? Berhasil ambil data Kabupaten/Kota. Jumlah data: 18
2026-01-07 16:13:40.617 - INFO: ? Berhasil ambil data Provinsi. Jumlah data: 35
2026-01-07 16:13:43.101 - INFO: ? Berhasil ambil data Kabupaten/Kota. Jumlah data: 23
2026-01-07 16:13:45.467 - INFO: ? Berhasil ambil data Kabupaten/Kota. Jumlah data: 18
2026-01-07 16:13:59.748 - INFO: ? Berhasil ambil data Kabupaten/Kota. Jumlah data: 16
2026-01-07 16:14:10.866 - INFO: ? Berhasil ambil data Kabupaten/Kota. Jumlah data: 33
2026-01-07 16:15:32.375 - INFO: ? Berhasil ambil data Provinsi. Jumlah data: 35
2026-01-07 16:15:34.996 - INFO: ? Berhasil ambil data Kabupaten/Kota. Jumlah data: 23
2026-01-07 16:15:51.655 - INFO: ? Berhasil ambil data Provinsi. Jumlah data: 35
2026-01-07 16:15:54.880 - INFO: ? Berhasil ambil data Kabupaten/Kota. Jumlah data: 23
2026-01-07 16:15:57.949 - INFO: ? Berhasil ambil data Kabupaten/Kota. Jumlah data: 18
2026-01-07 16:16:04.030 - INFO: ? Berhasil ambil data Kabupaten/Kota. Jumlah data: 33
2026-01-07 16:18:04.176 - INFO: ? Berhasil ambil data Provinsi. Jumlah data: 35
2026-01-07 16:18:06.641 - INFO: ? Berhasil ambil data Kabupaten/Kota. Jumlah data: 23
2026-01-07 16:18:08.858 - INFO: ? Berhasil ambil data Kabupaten/Kota. Jumlah data: 18
2026-01-07 16:18:13.810 - INFO: ? Berhasil ambil data Kabupaten/Kota. Jumlah data: 33
2026-01-07 16:18:17.541 - INFO: ? Berhasil ambil data Kabupaten/Kota. Jumlah data: 23
2026-01-07 16:18:19.973 - INFO: ? Berhasil ambil data Kabupaten/Kota. Jumlah data: 18
2026-01-07 16:18:30.556 - INFO: ? Berhasil ambil data Kabupaten/Kota. Jumlah data: 24
2026-01-07 16:18:59.235 - INFO: ? Berhasil ambil data Kabupaten/Kota. Jumlah data: 33
2026-01-07 16:19:01.850 - INFO: ? Berhasil ambil data Kabupaten/Kota. Jumlah data: 23
2026-01-07 16:27:21.922 - INFO: ? Berhasil ambil data Provinsi. Jumlah data: 35
2026-01-07 16:27:26.489 - INFO: ? Berhasil ambil data Kabupaten/Kota. Jumlah data: 23
2026-01-07 16:27:29.188 - INFO: ? Berhasil ambil data Kabupaten/Kota. Jumlah data: 24
2026-01-07 16:28:24.586 - INFO: ? Berhasil ambil data Provinsi. Jumlah data: 35
2026-01-07 16:28:28.105 - INFO: ? Berhasil ambil data Kabupaten/Kota. Jumlah data: 23
2026-01-07 16:28:31.524 - INFO: ? Berhasil ambil data Kabupaten/Kota. Jumlah data: 24
2026-01-07 16:29:28.829 - INFO: ? Berhasil ambil data Provinsi. Jumlah data: 35
2026-01-07 16:29:31.684 - INFO: ? Berhasil ambil data Kabupaten/Kota. Jumlah data: 23
2026-01-07 16:29:34.216 - INFO: ? Berhasil ambil data Kabupaten/Kota. Jumlah data: 18
2026-01-07 16:29:50.458 - INFO: ? Berhasil ambil data Kabupaten/Kota. Jumlah data: 24
2026-01-07 16:29:53.083 - INFO: ? Berhasil ambil data Kabupaten/Kota. Jumlah data: 24
2026-01-07 16:32:06.690 - INFO: ? Berhasil ambil data Provinsi. Jumlah data: 35
2026-01-07 16:32:09.104 - INFO: ? Berhasil ambil data Kabupaten/Kota. Jumlah data: 23
2026-01-07 16:32:11.725 - INFO: ? Berhasil ambil data Kabupaten/Kota. Jumlah data: 24
2026-01-07 16:32:24.077 - SEVERE: ? Gagal ambil master Kabupaten/Kota
2026-01-07 16:34:06.563 - INFO: ? Berhasil ambil data Provinsi. Jumlah data: 35
2026-01-07 16:34:08.135 - INFO: ? Berhasil ambil data Kabupaten/Kota. Jumlah data: 23
2026-01-07 16:34:11.017 - INFO: ? Berhasil ambil data Kabupaten/Kota. Jumlah data: 24
2026-01-07 16:34:20.067 - SEVERE: ? Gagal ambil master Desa/Kelurahan
2026-01-07 16:35:45.957 - INFO: ? Berhasil ambil data Provinsi. Jumlah data: 35
2026-01-07 16:35:48.197 - INFO: ? Berhasil ambil data Kabupaten/Kota. Jumlah data: 23
2026-01-07 16:35:50.390 - INFO: ? Berhasil ambil data Kabupaten/Kota. Jumlah data: 24
2026-01-07 16:36:05.407 - SEVERE: ? Gagal ambil master Desa/Kelurahan
