2026-01-08 08:02:26.596 - INFO: ? Berhasil ambil data Provinsi. Jumlah data: 35
2026-01-08 10:08:08.967 - INFO: ? Berhasil ambil data Provinsi. Jumlah data: 35
2026-01-08 10:08:36.235 - INFO: ? Berhasil ambil data Provinsi. Jumlah data: 35
2026-01-08 10:08:38.640 - INFO: ? Berhasil ambil data Kabupaten/Kota. Jumlah data: 23
2026-01-08 10:14:27.497 - INFO: ? Berhasil ambil data Provinsi. Jumlah data: 35
2026-01-08 10:14:34.138 - INFO: ? Berhasil ambil data Kabupaten/Kota. Jumlah data: 23
2026-01-08 10:16:26.189 - INFO: ? Berhasil ambil data Provinsi. Jumlah data: 35
2026-01-08 10:20:08.595 - INFO: ? Berhasil ambil data Provinsi. Jumlah data: 35
2026-01-08 10:20:13.639 - INFO: ? Berhasil ambil data Kabupaten/Kota. Jumlah data: 23
2026-01-08 10:22:00.673 - INFO: ? Berhasil ambil data Provinsi. Jumlah data: 35
2026-01-08 10:22:05.110 - INFO: ? Berhasil ambil data Kabupaten/Kota. Jumlah data: 23
2026-01-08 10:23:32.557 - INFO: ? Berhasil ambil data Provinsi. Jumlah data: 35
2026-01-08 10:25:22.634 - INFO: ? Berhasil ambil data Provinsi. Jumlah data: 35
2026-01-08 10:26:10.009 - INFO: ? Berhasil ambil data Provinsi. Jumlah data: 35
2026-01-08 10:26:16.092 - INFO: ? Berhasil ambil data Kabupaten/Kota. Jumlah data: 23
2026-01-08 10:27:16.920 - INFO: ? Berhasil ambil data Provinsi. Jumlah data: 35
2026-01-08 10:27:20.622 - INFO: ? Berhasil ambil data Kabupaten/Kota. Jumlah data: 23
2026-01-08 10:35:38.840 - INFO: ? Berhasil ambil data Provinsi. Jumlah data: 35
2026-01-08 10:35:40.512 - INFO: ? Berhasil ambil data Kabupaten/Kota. Jumlah data: 23
2026-01-08 10:41:13.469 - INFO: ? Berhasil ambil data Provinsi. Jumlah data: 35
2026-01-08 10:41:15.065 - INFO: ? Berhasil ambil data Kabupaten/Kota. Jumlah data: 23
2026-01-08 10:43:04.082 - INFO: ? Berhasil ambil data Provinsi. Jumlah data: 35
2026-01-08 10:43:10.033 - INFO: ? Berhasil ambil data Kabupaten/Kota. Jumlah data: 23
2026-01-08 13:48:09.982 - SEVERE: ? Gagal ambil master Provinsi
2026-01-08 13:51:38.800 - SEVERE: ? Gagal ambil master Provinsi
2026-01-08 14:05:51.294 - SEVERE: ? Gagal ambil master Provinsi
2026-01-08 14:41:10.149 - INFO: ? Berhasil ambil data Provinsi. Jumlah data: 35
2026-01-08 14:41:22.620 - INFO: ? Berhasil ambil data Kabupaten/Kota. Jumlah data: 23
2026-01-08 14:52:18.343 - INFO: ? Berhasil ambil data Provinsi. Jumlah data: 35
2026-01-08 14:52:20.299 - INFO: ? Berhasil ambil data Kabupaten/Kota. Jumlah data: 23
2026-01-08 15:00:02.477 - INFO: ? Berhasil ambil data Provinsi. Jumlah data: 35
2026-01-08 15:00:10.955 - INFO: ? Berhasil ambil data Provinsi. Jumlah data: 35
2026-01-08 15:00:16.687 - INFO: ? Berhasil ambil data Kabupaten/Kota. Jumlah data: 23
2026-01-08 15:06:55.925 - INFO: ? Berhasil ambil data Provinsi. Jumlah data: 35
2026-01-08 15:06:58.274 - INFO: ? Berhasil ambil data Kabupaten/Kota. Jumlah data: 23
2026-01-08 15:13:17.295 - INFO: ? Berhasil ambil data Provinsi. Jumlah data: 35
2026-01-08 15:13:19.715 - INFO: ? Berhasil ambil data Kabupaten/Kota. Jumlah data: 23
2026-01-08 16:01:10.556 - INFO: ? Berhasil ambil data Provinsi. Jumlah data: 35
2026-01-08 16:01:13.783 - INFO: ? Berhasil ambil data Kabupaten/Kota. Jumlah data: 23
2026-01-08 16:05:02.191 - INFO: ? Berhasil ambil data Provinsi. Jumlah data: 35
2026-01-08 16:05:14.141 - INFO: ? Berhasil ambil data Kabupaten/Kota. Jumlah data: 23
2026-01-08 16:06:41.742 - INFO: vtahun_laporan2026
2026-01-08 16:06:41.743 - INFO: vkdprov
2026-01-08 16:06:41.743 - INFO: vkdkab
2026-01-08 16:06:41.743 - INFO: vkdkec
2026-01-08 16:06:41.743 - INFO: vkdkel
2026-01-08 16:06:44.274 - INFO: Jumalah data yg dikembalikan 0
2026-01-08 16:06:54.650 - INFO: vtahun_laporan2026
2026-01-08 16:06:54.651 - INFO: vkdprov11
2026-01-08 16:06:54.651 - INFO: vkdkab
2026-01-08 16:06:54.651 - INFO: vkdkec
2026-01-08 16:06:54.652 - INFO: vkdkel
2026-01-08 16:06:54.838 - INFO: Jumalah data yg dikembalikan 2
2026-01-08 16:07:01.082 - INFO: vtahun_laporan2026
2026-01-08 16:07:01.083 - INFO: vkdprovnull
2026-01-08 16:07:01.083 - INFO: vkdkabnull
2026-01-08 16:07:01.084 - INFO: vkdkecnull
2026-01-08 16:07:01.084 - INFO: vkdkelnull
2026-01-08 16:07:01.084 - INFO: vnomor_kontrak_rinciLISA-01 | LISA-01-88
2026-01-08 16:07:01.312 - INFO: Jumalah data yg dikembalikan 0
2026-01-08 16:08:59.508 - INFO: vtahun_laporan2026
2026-01-08 16:08:59.508 - INFO: vkdprov
2026-01-08 16:08:59.508 - INFO: vkdkab
2026-01-08 16:08:59.508 - INFO: vkdkec
2026-01-08 16:08:59.508 - INFO: vkdkel
2026-01-08 16:08:59.834 - INFO: Jumalah data yg dikembalikan 0
2026-01-08 16:09:07.637 - INFO: vtahun_laporan2026
2026-01-08 16:09:07.637 - INFO: vkdprov11
2026-01-08 16:09:07.637 - INFO: vkdkab
2026-01-08 16:09:07.637 - INFO: vkdkec
2026-01-08 16:09:07.637 - INFO: vkdkel
2026-01-08 16:09:07.966 - INFO: Jumalah data yg dikembalikan 2
2026-01-08 16:13:17.667 - INFO: vtahun_laporan2026
2026-01-08 16:13:17.667 - INFO: vkdprov
2026-01-08 16:13:17.667 - INFO: vkdkab
2026-01-08 16:13:17.668 - INFO: vkdkec
2026-01-08 16:13:17.668 - INFO: vkdkel
2026-01-08 16:13:18.685 - INFO: Jumalah data yg dikembalikan 0
2026-01-08 16:13:27.302 - INFO: vtahun_laporan2026
2026-01-08 16:13:27.302 - INFO: vkdprov11
2026-01-08 16:13:27.304 - INFO: vkdkab
2026-01-08 16:13:27.305 - INFO: vkdkec
2026-01-08 16:13:27.305 - INFO: vkdkel
2026-01-08 16:13:27.618 - INFO: Jumalah data yg dikembalikan 2
2026-01-08 16:13:31.703 - INFO: vtahun_laporannull
2026-01-08 16:13:31.706 - INFO: vkdprov11
2026-01-08 16:13:31.707 - INFO: vkdkab1102
2026-01-08 16:13:31.707 - INFO: vkdkec110202
2026-01-08 16:13:31.708 - INFO: vkdkel1102022002
2026-01-08 16:13:31.708 - INFO: vnomor_kontrak_rinciLISA-01 | LISA-01-88
2026-01-08 16:13:32.804 - INFO: Jumalah data yg dikembalikan 0
2026-01-08 16:14:24.674 - INFO: vtahun_laporan2026
2026-01-08 16:14:24.674 - INFO: vkdprov
2026-01-08 16:14:24.674 - INFO: vkdkab
2026-01-08 16:14:24.674 - INFO: vkdkec
2026-01-08 16:14:24.675 - INFO: vkdkel
2026-01-08 16:14:25.196 - INFO: Jumalah data yg dikembalikan 0
2026-01-08 16:14:33.387 - INFO: vtahun_laporan2026
2026-01-08 16:14:33.387 - INFO: vkdprov
2026-01-08 16:14:33.387 - INFO: vkdkab
2026-01-08 16:14:33.387 - INFO: vkdkec
2026-01-08 16:14:33.387 - INFO: vkdkel
2026-01-08 16:14:33.568 - INFO: Jumalah data yg dikembalikan 0
2026-01-08 16:14:50.530 - INFO: vtahun_laporan2026
2026-01-08 16:14:50.530 - INFO: vkdprov11
2026-01-08 16:14:50.530 - INFO: vkdkab
2026-01-08 16:14:50.530 - INFO: vkdkec
2026-01-08 16:14:50.530 - INFO: vkdkel
2026-01-08 16:14:50.714 - INFO: Jumalah data yg dikembalikan 2
2026-01-08 16:14:52.444 - INFO: vtahun_laporan2026
2026-01-08 16:14:52.444 - INFO: vkdprov11
2026-01-08 16:14:52.447 - INFO: vkdkab1102
2026-01-08 16:14:52.448 - INFO: vkdkec110202
2026-01-08 16:14:52.448 - INFO: vkdkel1102022002
2026-01-08 16:14:52.448 - INFO: vnomor_kontrak_rinciLISA-01 | LISA-01-88
2026-01-08 16:14:52.713 - INFO: Jumalah data yg dikembalikan 0
2026-01-08 16:18:27.814 - INFO: ? Berhasil ambil data Provinsi. Jumlah data: 35
2026-01-08 16:18:51.235 - INFO: ? Berhasil ambil data Provinsi. Jumlah data: 35
2026-01-08 16:18:54.401 - INFO: ? Berhasil ambil data Kabupaten/Kota. Jumlah data: 23
2026-01-08 16:19:54.529 - INFO: ? Berhasil ambil data Provinsi. Jumlah data: 35
2026-01-08 16:19:58.796 - INFO: ? Berhasil ambil data Kabupaten/Kota. Jumlah data: 23
2026-01-08 16:26:05.716 - INFO: ? Berhasil ambil data Provinsi. Jumlah data: 35
2026-01-08 16:26:08.300 - INFO: ? Berhasil ambil data Kabupaten/Kota. Jumlah data: 23
2026-01-08 16:32:57.184 - INFO: ? Berhasil ambil data Provinsi. Jumlah data: 35
2026-01-08 16:32:57.184 - INFO: ? Berhasil ambil data Provinsi. Jumlah data: 35
2026-01-08 16:32:58.686 - INFO: ? Berhasil ambil data Kabupaten/Kota. Jumlah data: 23
2026-01-08 16:34:11.921 - INFO: ? Berhasil ambil data Provinsi. Jumlah data: 35
2026-01-08 16:34:13.798 - INFO: ? Berhasil ambil data Kabupaten/Kota. Jumlah data: 23
2026-01-08 16:37:54.477 - INFO: ? Berhasil ambil data Provinsi. Jumlah data: 35
2026-01-08 16:37:57.607 - INFO: ? Berhasil ambil data Kabupaten/Kota. Jumlah data: 23
2026-01-08 16:43:04.065 - INFO: ? Berhasil ambil data Provinsi. Jumlah data: 35
2026-01-08 16:43:04.166 - INFO: ? Berhasil ambil data Provinsi. Jumlah data: 35
2026-01-08 16:43:07.102 - INFO: ? Berhasil ambil data Kabupaten/Kota. Jumlah data: 23
